0 info it worked if it ends with ok
1 verbose cli [ '/home/mark/node-v6.7.0-linux-x64/bin/node',
1 verbose cli   '/home/mark/node-v6.7.0-linux-x64/bin/npm',
1 verbose cli   'version',
1 verbose cli   'patch' ]
2 info using npm@3.10.3
3 info using node@v6.7.0
4 error version No valid package.json found
5 verbose stack Error: Error: ENOENT: no such file or directory, open '/home/mark/Codi/javascript/hello-world-jspackage/package.json'
5 verbose stack     at ReadFileContext.<anonymous> (/home/mark/node-v6.7.0-linux-x64/lib/node_modules/npm/lib/version.js:111:23)
5 verbose stack     at ReadFileContext.callback (/home/mark/node-v6.7.0-linux-x64/lib/node_modules/npm/node_modules/graceful-fs/graceful-fs.js:78:16)
5 verbose stack     at FSReqWrap.readFileAfterOpen [as oncomplete] (fs.js:365:13)
6 verbose cwd /home/mark/Codi/javascript/hello-world-jspackage
7 error Linux 4.4.0-42-generic
8 error argv "/home/mark/node-v6.7.0-linux-x64/bin/node" "/home/mark/node-v6.7.0-linux-x64/bin/npm" "version" "patch"
9 error node v6.7.0
10 error npm  v3.10.3
11 error code [ 'Error: ENOENT',
11 error code   'ENOENT',
11 error code   index: 0,
11 error code   input: 'Error: ENOENT: no such file or directory, open \'/home/mark/Codi/javascript/hello-world-jspackage/package.json\'' ]
12 error Error: ENOENT: no such file or directory, open '/home/mark/Codi/javascript/hello-world-jspackage/package.json'
13 error If you need help, you may report this error at:
13 error     <https://github.com/npm/npm/issues>
14 verbose exit [ 1, true ]
